<?xml version="1.0" encoding="UTF-8" standalone="yes"?>
<ns2:test-suite xmlns:ns2="urn:model.allure.qatools.yandex.ru" start="1511354796050" stop="1511354803385">
    <name>Default Suite</name>
    <test-cases>
        <test-case start="1511354802314" stop="1511354802950" status="broken">
            <name>TestAuthorization</name>
            <title>Авторизация пользователя</title>
            <failure>
                <message>InvalidSelectorException: Given xpath expression "//*[@id=\"authorization\"]/div/form/button/span" is invalid: SyntaxError: The expression is not a legal expression.
For documentation on this error, please visit: http://seleniumhq.org/exceptions/invalid_selector_exception.html
Build info: version: '3.6.0', revision: '6fbf3ec767', time: '2017-09-27T15:28:36.4Z'
System info: host: 'DANILKINA-AS', ip: '192.168.4.89', os.name: 'Windows 7', os.arch: 'amd64', os.version: '6.1', java.version: '1.8.0_144'
Driver info: org.openqa.selenium.firefox.FirefoxDriver
Capabilities [{moz:profile=C:\Users\danilkinaas\AppData\Local\Temp\rust_mozprofile.lQtvafKKexRJ, rotatable=false, timeouts={implicit=0, pageLoad=300000, script=30000}, pageLoadStrategy=normal, moz:headless=false, platform=XP, specificationLevel=0, moz:accessibilityChecks=false, acceptInsecureCerts=true, browserVersion=56.0, platformVersion=6.1, moz:processID=5592, browserName=firefox, javascriptEnabled=true, platformName=XP}]
Session ID: 073e140a-0cc9-4ddd-8ca9-3ddc6e1b2470
*** Element info: {Using=xpath, value=//*[@id=\"authorization\"]/div/form/button/span}</message>
                <stack-trace>org.openqa.selenium.InvalidSelectorException: Given xpath expression
                    "//*[@id=\"authorization\"]/div/form/button/span" is invalid: SyntaxError: The expression is not a
                    legal expression.
                    For documentation on this error, please visit:
                    http://seleniumhq.org/exceptions/invalid_selector_exception.html
                    Build info: version: '3.6.0', revision: '6fbf3ec767', time: '2017-09-27T15:28:36.4Z'
                    System info: host: 'DANILKINA-AS', ip: '192.168.4.89', os.name: 'Windows 7', os.arch: 'amd64',
                    os.version: '6.1', java.version: '1.8.0_144'
                    Driver info: org.openqa.selenium.firefox.FirefoxDriver
                    Capabilities [{moz:profile=C:\Users\danilkinaas\AppData\Local\Temp\rust_mozprofile.lQtvafKKexRJ,
                    rotatable=false, timeouts={implicit=0, pageLoad=300000, script=30000}, pageLoadStrategy=normal,
                    moz:headless=false, platform=XP, specificationLevel=0, moz:accessibilityChecks=false,
                    acceptInsecureCerts=true, browserVersion=56.0, platformVersion=6.1, moz:processID=5592,
                    browserName=firefox, javascriptEnabled=true, platformName=XP}]
                    Session ID: 073e140a-0cc9-4ddd-8ca9-3ddc6e1b2470
                    *** Element info: {Using=xpath, value=//*[@id=\"authorization\"]/div/form/button/span}
                    at sun.reflect.NativeConstructorAccessorImpl.newInstance0(Native Method)
                    at sun.reflect.NativeConstructorAccessorImpl.newInstance(NativeConstructorAccessorImpl.java:62)
                    at
                    sun.reflect.DelegatingConstructorAccessorImpl.newInstance(DelegatingConstructorAccessorImpl.java:45)
                    at java.lang.reflect.Constructor.newInstance(Constructor.java:423)
                    at
                    org.openqa.selenium.remote.http.W3CHttpResponseCodec.createException(W3CHttpResponseCodec.java:185)
                    at org.openqa.selenium.remote.http.W3CHttpResponseCodec.decode(W3CHttpResponseCodec.java:120)
                    at org.openqa.selenium.remote.http.W3CHttpResponseCodec.decode(W3CHttpResponseCodec.java:49)
                    at org.openqa.selenium.remote.HttpCommandExecutor.execute(HttpCommandExecutor.java:164)
                    at org.openqa.selenium.remote.service.DriverCommandExecutor.execute(DriverCommandExecutor.java:83)
                    at org.openqa.selenium.remote.RemoteWebDriver.execute(RemoteWebDriver.java:586)
                    at org.openqa.selenium.remote.RemoteWebDriver.findElement(RemoteWebDriver.java:356)
                    at org.openqa.selenium.remote.RemoteWebDriver.findElementByXPath(RemoteWebDriver.java:458)
                    at org.openqa.selenium.By$ByXPath.findElement(By.java:361)
                    at org.openqa.selenium.remote.RemoteWebDriver.findElement(RemoteWebDriver.java:348)
                    at
                    org.openqa.selenium.support.pagefactory.DefaultElementLocator.findElement(DefaultElementLocator.java:69)
                    at
                    org.openqa.selenium.support.pagefactory.internal.LocatingElementHandler.invoke(LocatingElementHandler.java:38)
                    at com.sun.proxy.$Proxy10.click(Unknown Source)
                    at HelpClass.BaseClass.signInClick(BaseClass.java:81)
                    at HelpClass.BaseClass.login(BaseClass.java:62)
                    at Users.TestAuthorization.TestAuthorization(TestAuthorization.java:23)
                    at sun.reflect.NativeMethodAccessorImpl.invoke0(Native Method)
                    at sun.reflect.NativeMethodAccessorImpl.invoke(NativeMethodAccessorImpl.java:62)
                    at sun.reflect.DelegatingMethodAccessorImpl.invoke(DelegatingMethodAccessorImpl.java:43)
                    at java.lang.reflect.Method.invoke(Method.java:498)
                    at org.testng.internal.MethodInvocationHelper.invokeMethod(MethodInvocationHelper.java:108)
                    at org.testng.internal.Invoker.invokeMethod(Invoker.java:661)
                    at org.testng.internal.Invoker.invokeTestMethod(Invoker.java:869)
                    at org.testng.internal.Invoker.invokeTestMethods(Invoker.java:1193)
                    at org.testng.internal.TestMethodWorker.invokeTestMethods(TestMethodWorker.java:126)
                    at org.testng.internal.TestMethodWorker.run(TestMethodWorker.java:109)
                    at org.testng.TestRunner.privateRun(TestRunner.java:744)
                    at org.testng.TestRunner.run(TestRunner.java:602)
                    at org.testng.SuiteRunner.runTest(SuiteRunner.java:380)
                    at org.testng.SuiteRunner.runSequentially(SuiteRunner.java:375)
                    at org.testng.SuiteRunner.privateRun(SuiteRunner.java:340)
                    at org.testng.SuiteRunner.run(SuiteRunner.java:289)
                    at org.testng.SuiteRunnerWorker.runSuite(SuiteRunnerWorker.java:52)
                    at org.testng.SuiteRunnerWorker.run(SuiteRunnerWorker.java:86)
                    at org.testng.TestNG.runSuitesSequentially(TestNG.java:1301)
                    at org.testng.TestNG.runSuitesLocally(TestNG.java:1226)
                    at org.testng.TestNG.runSuites(TestNG.java:1144)
                    at org.testng.TestNG.run(TestNG.java:1115)
                    at org.testng.IDEARemoteTestNG.run(IDEARemoteTestNG.java:72)
                    at org.testng.RemoteTestNGStarter.main(RemoteTestNGStarter.java:123)
                </stack-trace>
            </failure>
            <steps/>
            <attachments/>
            <labels/>
        </test-case>
    </test-cases>
    <labels/>
</ns2:test-suite>
