<?xml version="1.0" encoding="UTF-8" standalone="yes"?>
<ns2:test-suite xmlns:ns2="urn:model.allure.qatools.yandex.ru" start="1511419172219" stop="1511419190165">
    <name>Default Suite</name>
    <test-cases>
        <test-case start="1511419178014" stop="1511419189800" status="broken">
            <name>deleteUser</name>
            <failure>
                <message>NoSuchElementException: Unable to locate element: //tbody[@class='ant-table-tbody']/tr[last()]/td[2]/span/label/span/input
For documentation on this error, please visit: http://seleniumhq.org/exceptions/no_such_element.html
Build info: version: '3.6.0', revision: '6fbf3ec767', time: '2017-09-27T15:28:36.4Z'
System info: host: 'DANILKINA-AS', ip: '192.168.4.89', os.name: 'Windows 7', os.arch: 'amd64', os.version: '6.1', java.version: '1.8.0_144'
Driver info: org.openqa.selenium.firefox.FirefoxDriver
Capabilities [{moz:profile=C:\Users\danilkinaas\AppData\Local\Temp\rust_mozprofile.teji1NPZlQUS, rotatable=false, timeouts={implicit=0, pageLoad=300000, script=30000}, pageLoadStrategy=normal, moz:headless=false, platform=XP, specificationLevel=0, moz:accessibilityChecks=false, acceptInsecureCerts=true, browserVersion=56.0, platformVersion=6.1, moz:processID=9924, browserName=firefox, javascriptEnabled=true, platformName=XP}]
Session ID: 9a8f0cef-f074-4448-9019-1d017d7497e1
*** Element info: {Using=xpath, value=//tbody[@class='ant-table-tbody']/tr[last()]/td[2]/span/label/span/input}</message>
                <stack-trace>org.openqa.selenium.NoSuchElementException: Unable to locate element:
                    //tbody[@class='ant-table-tbody']/tr[last()]/td[2]/span/label/span/input
                    For documentation on this error, please visit: http://seleniumhq.org/exceptions/no_such_element.html
                    Build info: version: '3.6.0', revision: '6fbf3ec767', time: '2017-09-27T15:28:36.4Z'
                    System info: host: 'DANILKINA-AS', ip: '192.168.4.89', os.name: 'Windows 7', os.arch: 'amd64',
                    os.version: '6.1', java.version: '1.8.0_144'
                    Driver info: org.openqa.selenium.firefox.FirefoxDriver
                    Capabilities [{moz:profile=C:\Users\danilkinaas\AppData\Local\Temp\rust_mozprofile.teji1NPZlQUS,
                    rotatable=false, timeouts={implicit=0, pageLoad=300000, script=30000}, pageLoadStrategy=normal,
                    moz:headless=false, platform=XP, specificationLevel=0, moz:accessibilityChecks=false,
                    acceptInsecureCerts=true, browserVersion=56.0, platformVersion=6.1, moz:processID=9924,
                    browserName=firefox, javascriptEnabled=true, platformName=XP}]
                    Session ID: 9a8f0cef-f074-4448-9019-1d017d7497e1
                    *** Element info: {Using=xpath,
                    value=//tbody[@class='ant-table-tbody']/tr[last()]/td[2]/span/label/span/input}
                    at sun.reflect.NativeConstructorAccessorImpl.newInstance0(Native Method)
                    at sun.reflect.NativeConstructorAccessorImpl.newInstance(NativeConstructorAccessorImpl.java:62)
                    at
                    sun.reflect.DelegatingConstructorAccessorImpl.newInstance(DelegatingConstructorAccessorImpl.java:45)
                    at java.lang.reflect.Constructor.newInstance(Constructor.java:423)
                    at
                    org.openqa.selenium.remote.http.W3CHttpResponseCodec.createException(W3CHttpResponseCodec.java:185)
                    at org.openqa.selenium.remote.http.W3CHttpResponseCodec.decode(W3CHttpResponseCodec.java:120)
                    at org.openqa.selenium.remote.http.W3CHttpResponseCodec.decode(W3CHttpResponseCodec.java:49)
                    at org.openqa.selenium.remote.HttpCommandExecutor.execute(HttpCommandExecutor.java:164)
                    at org.openqa.selenium.remote.service.DriverCommandExecutor.execute(DriverCommandExecutor.java:83)
                    at org.openqa.selenium.remote.RemoteWebDriver.execute(RemoteWebDriver.java:586)
                    at org.openqa.selenium.remote.RemoteWebDriver.findElement(RemoteWebDriver.java:356)
                    at org.openqa.selenium.remote.RemoteWebDriver.findElementByXPath(RemoteWebDriver.java:458)
                    at org.openqa.selenium.By$ByXPath.findElement(By.java:361)
                    at org.openqa.selenium.remote.RemoteWebDriver.findElement(RemoteWebDriver.java:348)
                    at
                    org.openqa.selenium.support.pagefactory.DefaultElementLocator.findElement(DefaultElementLocator.java:69)
                    at
                    org.openqa.selenium.support.pagefactory.internal.LocatingElementHandler.invoke(LocatingElementHandler.java:38)
                    at com.sun.proxy.$Proxy9.getText(Unknown Source)
                    at Users.DeleteUser.deleteUser(DeleteUser.java:20)
                    at sun.reflect.NativeMethodAccessorImpl.invoke0(Native Method)
                    at sun.reflect.NativeMethodAccessorImpl.invoke(NativeMethodAccessorImpl.java:62)
                    at sun.reflect.DelegatingMethodAccessorImpl.invoke(DelegatingMethodAccessorImpl.java:43)
                    at java.lang.reflect.Method.invoke(Method.java:498)
                    at org.testng.internal.MethodInvocationHelper.invokeMethod(MethodInvocationHelper.java:108)
                    at org.testng.internal.Invoker.invokeMethod(Invoker.java:661)
                    at org.testng.internal.Invoker.invokeTestMethod(Invoker.java:869)
                    at org.testng.internal.Invoker.invokeTestMethods(Invoker.java:1193)
                    at org.testng.internal.TestMethodWorker.invokeTestMethods(TestMethodWorker.java:126)
                    at org.testng.internal.TestMethodWorker.run(TestMethodWorker.java:109)
                    at org.testng.TestRunner.privateRun(TestRunner.java:744)
                    at org.testng.TestRunner.run(TestRunner.java:602)
                    at org.testng.SuiteRunner.runTest(SuiteRunner.java:380)
                    at org.testng.SuiteRunner.runSequentially(SuiteRunner.java:375)
                    at org.testng.SuiteRunner.privateRun(SuiteRunner.java:340)
                    at org.testng.SuiteRunner.run(SuiteRunner.java:289)
                    at org.testng.SuiteRunnerWorker.runSuite(SuiteRunnerWorker.java:52)
                    at org.testng.SuiteRunnerWorker.run(SuiteRunnerWorker.java:86)
                    at org.testng.TestNG.runSuitesSequentially(TestNG.java:1301)
                    at org.testng.TestNG.runSuitesLocally(TestNG.java:1226)
                    at org.testng.TestNG.runSuites(TestNG.java:1144)
                    at org.testng.TestNG.run(TestNG.java:1115)
                    at org.testng.IDEARemoteTestNG.run(IDEARemoteTestNG.java:72)
                    at org.testng.RemoteTestNGStarter.main(RemoteTestNGStarter.java:123)
                </stack-trace>
            </failure>
            <steps/>
            <attachments/>
            <labels/>
        </test-case>
    </test-cases>
    <labels/>
</ns2:test-suite>
