<?xml version="1.0" encoding="UTF-8" standalone="yes"?>
<ns2:test-suite xmlns:ns2="urn:model.allure.qatools.yandex.ru" start="1511420766611" stop="1511420781152">
    <name>Default Suite</name>
    <test-cases>
        <test-case start="1511420772394" stop="1511420780720" status="broken">
            <name>deleteUser</name>
            <title>Удалить пользователя</title>
            <failure>
                <message>TimeoutException: Expected condition failed: waiting for element to be clickable: [[FirefoxDriver: firefox on XP (0e6d0880-2918-4923-9598-964bca8148f3)] -&gt; xpath: //*[@id="authorization"]/div/div[2]/div[1]/div/div/span[1]/button] (tried for 5 second(s) with 500 MILLISECONDS interval)
Build info: version: '3.6.0', revision: '6fbf3ec767', time: '2017-09-27T15:28:36.4Z'
System info: host: 'DANILKINA-AS', ip: '192.168.4.89', os.name: 'Windows 7', os.arch: 'amd64', os.version: '6.1', java.version: '1.8.0_144'
Driver info: org.openqa.selenium.firefox.FirefoxDriver
Capabilities [{moz:profile=C:\Users\danilkinaas\AppData\Local\Temp\rust_mozprofile.r6RDkKEQv94b, rotatable=false, timeouts={implicit=0, pageLoad=300000, script=30000}, pageLoadStrategy=normal, moz:headless=false, platform=XP, specificationLevel=0, moz:accessibilityChecks=false, acceptInsecureCerts=true, browserVersion=56.0, platformVersion=6.1, moz:processID=3868, browserName=firefox, javascriptEnabled=true, platformName=XP}]
Session ID: 0e6d0880-2918-4923-9598-964bca8148f3</message>
                <stack-trace>org.openqa.selenium.TimeoutException: Expected condition failed: waiting for element to be
                    clickable: [[FirefoxDriver: firefox on XP (0e6d0880-2918-4923-9598-964bca8148f3)] -&gt; xpath:
                    //*[@id="authorization"]/div/div[2]/div[1]/div/div/span[1]/button] (tried for 5 second(s) with 500
                    MILLISECONDS interval)
                    Build info: version: '3.6.0', revision: '6fbf3ec767', time: '2017-09-27T15:28:36.4Z'
                    System info: host: 'DANILKINA-AS', ip: '192.168.4.89', os.name: 'Windows 7', os.arch: 'amd64',
                    os.version: '6.1', java.version: '1.8.0_144'
                    Driver info: org.openqa.selenium.firefox.FirefoxDriver
                    Capabilities [{moz:profile=C:\Users\danilkinaas\AppData\Local\Temp\rust_mozprofile.r6RDkKEQv94b,
                    rotatable=false, timeouts={implicit=0, pageLoad=300000, script=30000}, pageLoadStrategy=normal,
                    moz:headless=false, platform=XP, specificationLevel=0, moz:accessibilityChecks=false,
                    acceptInsecureCerts=true, browserVersion=56.0, platformVersion=6.1, moz:processID=3868,
                    browserName=firefox, javascriptEnabled=true, platformName=XP}]
                    Session ID: 0e6d0880-2918-4923-9598-964bca8148f3
                    at org.openqa.selenium.support.ui.WebDriverWait.timeoutException(WebDriverWait.java:82)
                    at org.openqa.selenium.support.ui.FluentWait.until(FluentWait.java:231)
                    at waitUntilElementBeClickable(DeleteUser.java:53)
                    at Users.DeleteUser.clickToDeleteBtn(DeleteUser.java:42)
                    at Users.DeleteUser.deleteUser(DeleteUser.java:35)
                    at sun.reflect.NativeMethodAccessorImpl.invoke0(Native Method)
                    at sun.reflect.NativeMethodAccessorImpl.invoke(NativeMethodAccessorImpl.java:62)
                    at sun.reflect.DelegatingMethodAccessorImpl.invoke(DelegatingMethodAccessorImpl.java:43)
                    at java.lang.reflect.Method.invoke(Method.java:498)
                    at org.testng.internal.MethodInvocationHelper.invokeMethod(MethodInvocationHelper.java:108)
                    at org.testng.internal.Invoker.invokeMethod(Invoker.java:661)
                    at org.testng.internal.Invoker.invokeTestMethod(Invoker.java:869)
                    at org.testng.internal.Invoker.invokeTestMethods(Invoker.java:1193)
                    at org.testng.internal.TestMethodWorker.invokeTestMethods(TestMethodWorker.java:126)
                    at org.testng.internal.TestMethodWorker.run(TestMethodWorker.java:109)
                    at org.testng.TestRunner.privateRun(TestRunner.java:744)
                    at org.testng.TestRunner.run(TestRunner.java:602)
                    at org.testng.SuiteRunner.runTest(SuiteRunner.java:380)
                    at org.testng.SuiteRunner.runSequentially(SuiteRunner.java:375)
                    at org.testng.SuiteRunner.privateRun(SuiteRunner.java:340)
                    at org.testng.SuiteRunner.run(SuiteRunner.java:289)
                    at org.testng.SuiteRunnerWorker.runSuite(SuiteRunnerWorker.java:52)
                    at org.testng.SuiteRunnerWorker.run(SuiteRunnerWorker.java:86)
                    at org.testng.TestNG.runSuitesSequentially(TestNG.java:1301)
                    at org.testng.TestNG.runSuitesLocally(TestNG.java:1226)
                    at org.testng.TestNG.runSuites(TestNG.java:1144)
                    at org.testng.TestNG.run(TestNG.java:1115)
                    at org.testng.IDEARemoteTestNG.run(IDEARemoteTestNG.java:72)
                    at org.testng.RemoteTestNGStarter.main(RemoteTestNGStarter.java:123)
                </stack-trace>
            </failure>
            <steps/>
            <attachments/>
            <labels/>
        </test-case>
    </test-cases>
    <labels/>
</ns2:test-suite>
